<?xml version="1.0" encoding="UTF-8"?>
<coverage generated="1699000240402" clover="3.2.0">
  <project timestamp="1699000240402" name="All files">
    <metrics statements="45" coveredstatements="30" conditionals="0" coveredconditionals="0" methods="3" coveredmethods="0" elements="48" coveredelements="30" complexity="0" loc="45" ncloc="45" packages="2" files="7" classes="7"/>
    <package name="db">
      <metrics statements="22" coveredstatements="7" conditionals="0" coveredconditionals="0" methods="3" coveredmethods="0"/>
      <file name="config.js" path="/Users/lois.clinton/Desktop/Multiverse Learning/week-five/card-game-template/server/src/db/config.js">
        <metrics statements="4" coveredstatements="4" conditionals="0" coveredconditionals="0" methods="0" coveredmethods="0"/>
        <line num="3" count="4" type="stmt"/>
        <line num="4" count="4" type="stmt"/>
        <line num="6" count="4" type="stmt"/>
        <line num="12" count="4" type="stmt"/>
      </file>
      <file name="seed.js" path="/Users/lois.clinton/Desktop/Multiverse Learning/week-five/card-game-template/server/src/db/seed.js">
        <metrics statements="18" coveredstatements="3" conditionals="0" coveredconditionals="0" methods="3" coveredmethods="0"/>
        <line num="1" count="1" type="stmt"/>
        <line num="2" count="1" type="stmt"/>
        <line num="5" count="0" type="stmt"/>
        <line num="9" count="0" type="stmt"/>
        <line num="11" count="0" type="stmt"/>
        <line num="17" count="0" type="stmt"/>
        <line num="18" count="0" type="stmt"/>
        <line num="19" count="0" type="stmt"/>
        <line num="22" count="0" type="stmt"/>
        <line num="55" count="0" type="stmt"/>
        <line num="56" count="0" type="stmt"/>
        <line num="57" count="0" type="stmt"/>
        <line num="58" count="0" type="stmt"/>
        <line num="59" count="0" type="stmt"/>
        <line num="60" count="0" type="stmt"/>
        <line num="63" count="0" type="stmt"/>
        <line num="65" count="0" type="stmt"/>
        <line num="70" count="1" type="stmt"/>
      </file>
    </package>
    <package name="models">
      <metrics statements="23" coveredstatements="23" conditionals="0" coveredconditionals="0" methods="0" coveredmethods="0"/>
      <file name="Attack.js" path="/Users/lois.clinton/Desktop/Multiverse Learning/week-five/card-game-template/server/src/models/Attack.js">
        <metrics statements="3" coveredstatements="3" conditionals="0" coveredconditionals="0" methods="0" coveredmethods="0"/>
        <line num="10" count="2" type="stmt"/>
        <line num="14" count="2" type="stmt"/>
        <line num="28" count="2" type="stmt"/>
      </file>
      <file name="Card.js" path="/Users/lois.clinton/Desktop/Multiverse Learning/week-five/card-game-template/server/src/models/Card.js">
        <metrics statements="3" coveredstatements="3" conditionals="0" coveredconditionals="0" methods="0" coveredmethods="0"/>
        <line num="9" count="2" type="stmt"/>
        <line num="13" count="2" type="stmt"/>
        <line num="27" count="2" type="stmt"/>
      </file>
      <file name="Deck.js" path="/Users/lois.clinton/Desktop/Multiverse Learning/week-five/card-game-template/server/src/models/Deck.js">
        <metrics statements="3" coveredstatements="3" conditionals="0" coveredconditionals="0" methods="0" coveredmethods="0"/>
        <line num="9" count="2" type="stmt"/>
        <line num="13" count="2" type="stmt"/>
        <line num="25" count="2" type="stmt"/>
      </file>
      <file name="User.js" path="/Users/lois.clinton/Desktop/Multiverse Learning/week-five/card-game-template/server/src/models/User.js">
        <metrics statements="3" coveredstatements="3" conditionals="0" coveredconditionals="0" methods="0" coveredmethods="0"/>
        <line num="9" count="1" type="stmt"/>
        <line num="13" count="1" type="stmt"/>
        <line num="24" count="1" type="stmt"/>
      </file>
      <file name="index.js" path="/Users/lois.clinton/Desktop/Multiverse Learning/week-five/card-game-template/server/src/models/index.js">
        <metrics statements="11" coveredstatements="11" conditionals="0" coveredconditionals="0" methods="0" coveredmethods="0"/>
        <line num="1" count="1" type="stmt"/>
        <line num="2" count="1" type="stmt"/>
        <line num="3" count="1" type="stmt"/>
        <line num="4" count="1" type="stmt"/>
        <line num="11" count="1" type="stmt"/>
        <line num="12" count="1" type="stmt"/>
        <line num="16" count="1" type="stmt"/>
        <line num="17" count="1" type="stmt"/>
        <line num="21" count="1" type="stmt"/>
        <line num="22" count="1" type="stmt"/>
        <line num="25" count="1" type="stmt"/>
      </file>
    </package>
  </project>
</coverage>
