{"/Users/lois.clinton/Desktop/Multiverse Learning/week-five/card-game-template/server/src/db/config.js": {"path":"/Users/lois.clinton/Desktop/Multiverse Learning/week-five/card-game-template/server/src/db/config.js","statementMap":{"0":{"start":{"line":3,"column":13},"end":{"line":3,"column":28}},"1":{"start":{"line":4,"column":40},"end":{"line":4,"column":60}},"2":{"start":{"line":6,"column":11},"end":{"line":10,"column":2}},"3":{"start":{"line":12,"column":0},"end":{"line":17,"column":2}}},"fnMap":{},"branchMap":{},"s":{"0":4,"1":4,"2":4,"3":4},"f":{},"b":{},"_coverageSchema":"1a1c01bbd47fc00a2c39e90264f33305004495a9","hash":"d8afcfd31db81828f5cdcb1fb806ce254d07327f"}
,"/Users/lois.clinton/Desktop/Multiverse Learning/week-five/card-game-template/server/src/db/seed.js": {"path":"/Users/lois.clinton/Desktop/Multiverse Learning/week-five/card-game-template/server/src/db/seed.js","statementMap":{"0":{"start":{"line":1,"column":15},"end":{"line":1,"column":34}},"1":{"start":{"line":2,"column":37},"end":{"line":2,"column":57}},"2":{"start":{"line":5,"column":2},"end":{"line":5,"column":49}},"3":{"start":{"line":9,"column":2},"end":{"line":9,"column":33}},"4":{"start":{"line":11,"column":16},"end":{"line":15,"column":4}},"5":{"start":{"line":17,"column":20},"end":{"line":17,"column":62}},"6":{"start":{"line":18,"column":16},"end":{"line":20,"column":3}},"7":{"start":{"line":19,"column":24},"end":{"line":19,"column":60}},"8":{"start":{"line":22,"column":16},"end":{"line":53,"column":3}},"9":{"start":{"line":55,"column":23},"end":{"line":55,"column":25}},"10":{"start":{"line":56,"column":2},"end":{"line":62,"column":3}},"11":{"start":{"line":57,"column":22},"end":{"line":57,"column":35}},"12":{"start":{"line":58,"column":4},"end":{"line":61,"column":5}},"13":{"start":{"line":58,"column":17},"end":{"line":58,"column":18}},"14":{"start":{"line":59,"column":16},"end":{"line":59,"column":40}},"15":{"start":{"line":60,"column":6},"end":{"line":60,"column":51}},"16":{"start":{"line":63,"column":2},"end":{"line":63,"column":34}},"17":{"start":{"line":65,"column":2},"end":{"line":65,"column":33}},"18":{"start":{"line":70,"column":0},"end":{"line":70,"column":35}}},"fnMap":{"0":{"name":"randInt","decl":{"start":{"line":4,"column":9},"end":{"line":4,"column":16}},"loc":{"start":{"line":4,"column":23},"end":{"line":6,"column":1}},"line":4},"1":{"name":"seed","decl":{"start":{"line":8,"column":15},"end":{"line":8,"column":19}},"loc":{"start":{"line":8,"column":22},"end":{"line":66,"column":1}},"line":8},"2":{"name":"(anonymous_2)","decl":{"start":{"line":19,"column":14},"end":{"line":19,"column":15}},"loc":{"start":{"line":19,"column":24},"end":{"line":19,"column":60}},"line":19}},"branchMap":{},"s":{"0":1,"1":1,"2":0,"3":0,"4":0,"5":0,"6":0,"7":0,"8":0,"9":0,"10":0,"11":0,"12":0,"13":0,"14":0,"15":0,"16":0,"17":0,"18":1},"f":{"0":0,"1":0,"2":0},"b":{},"_coverageSchema":"1a1c01bbd47fc00a2c39e90264f33305004495a9","hash":"13df56a0599bc29ddfa1d88e4b003a6f7871b102"}
,"/Users/lois.clinton/Desktop/Multiverse Learning/week-five/card-game-template/server/src/models/Attack.js": {"path":"/Users/lois.clinton/Desktop/Multiverse Learning/week-five/card-game-template/server/src/models/Attack.js","statementMap":{"0":{"start":{"line":10,"column":44},"end":{"line":10,"column":67}},"1":{"start":{"line":14,"column":0},"end":{"line":26,"column":2}},"2":{"start":{"line":28,"column":0},"end":{"line":30,"column":2}}},"fnMap":{},"branchMap":{},"s":{"0":2,"1":2,"2":2},"f":{},"b":{},"_coverageSchema":"1a1c01bbd47fc00a2c39e90264f33305004495a9","hash":"036a74f8d45ad0d43f23435138ef672e0bfff194"}
,"/Users/lois.clinton/Desktop/Multiverse Learning/week-five/card-game-template/server/src/models/Card.js": {"path":"/Users/lois.clinton/Desktop/Multiverse Learning/week-five/card-game-template/server/src/models/Card.js","statementMap":{"0":{"start":{"line":9,"column":44},"end":{"line":9,"column":67}},"1":{"start":{"line":13,"column":0},"end":{"line":25,"column":2}},"2":{"start":{"line":27,"column":0},"end":{"line":29,"column":2}}},"fnMap":{},"branchMap":{},"s":{"0":2,"1":2,"2":2},"f":{},"b":{},"_coverageSchema":"1a1c01bbd47fc00a2c39e90264f33305004495a9","hash":"0bd17bc80d7d05770b0464392c8f8f47d41897bf"}
,"/Users/lois.clinton/Desktop/Multiverse Learning/week-five/card-game-template/server/src/models/Deck.js": {"path":"/Users/lois.clinton/Desktop/Multiverse Learning/week-five/card-game-template/server/src/models/Deck.js","statementMap":{"0":{"start":{"line":9,"column":44},"end":{"line":9,"column":67}},"1":{"start":{"line":13,"column":0},"end":{"line":23,"column":2}},"2":{"start":{"line":25,"column":0},"end":{"line":27,"column":2}}},"fnMap":{},"branchMap":{},"s":{"0":2,"1":2,"2":2},"f":{},"b":{},"_coverageSchema":"1a1c01bbd47fc00a2c39e90264f33305004495a9","hash":"91b71a569f25067f39233a59723a1710826011e6"}
,"/Users/lois.clinton/Desktop/Multiverse Learning/week-five/card-game-template/server/src/models/User.js": {"path":"/Users/lois.clinton/Desktop/Multiverse Learning/week-five/card-game-template/server/src/models/User.js","statementMap":{"0":{"start":{"line":9,"column":44},"end":{"line":9,"column":67}},"1":{"start":{"line":13,"column":0},"end":{"line":22,"column":2}},"2":{"start":{"line":24,"column":0},"end":{"line":26,"column":2}}},"fnMap":{},"branchMap":{},"s":{"0":1,"1":1,"2":1},"f":{},"b":{},"_coverageSchema":"1a1c01bbd47fc00a2c39e90264f33305004495a9","hash":"30f025579aaaf56f6ceace6d07babcd4be9e6ff7"}
,"/Users/lois.clinton/Desktop/Multiverse Learning/week-five/card-game-template/server/src/models/index.js": {"path":"/Users/lois.clinton/Desktop/Multiverse Learning/week-five/card-game-template/server/src/models/index.js","statementMap":{"0":{"start":{"line":1,"column":17},"end":{"line":1,"column":34}},"1":{"start":{"line":2,"column":19},"end":{"line":2,"column":38}},"2":{"start":{"line":3,"column":17},"end":{"line":3,"column":34}},"3":{"start":{"line":4,"column":17},"end":{"line":4,"column":34}},"4":{"start":{"line":11,"column":0},"end":{"line":11,"column":18}},"5":{"start":{"line":12,"column":0},"end":{"line":12,"column":21}},"6":{"start":{"line":16,"column":0},"end":{"line":16,"column":21}},"7":{"start":{"line":17,"column":0},"end":{"line":17,"column":19}},"8":{"start":{"line":21,"column":0},"end":{"line":21,"column":55}},"9":{"start":{"line":22,"column":0},"end":{"line":22,"column":55}},"10":{"start":{"line":25,"column":0},"end":{"line":25,"column":46}}},"fnMap":{},"branchMap":{},"s":{"0":1,"1":1,"2":1,"3":1,"4":1,"5":1,"6":1,"7":1,"8":1,"9":1,"10":1},"f":{},"b":{},"_coverageSchema":"1a1c01bbd47fc00a2c39e90264f33305004495a9","hash":"ff46e3555e5f5f4b21e34792a58ffb5696a822d0"}
}
