TN:
SF:src/db/config.js
FNF:0
FNH:0
DA:3,4
DA:4,4
DA:6,4
DA:12,4
LF:4
LH:4
BRF:0
BRH:0
end_of_record
TN:
SF:src/db/seed.js
FN:4,randInt
FN:8,seed
FN:19,(anonymous_2)
FNF:3
FNH:0
FNDA:0,randInt
FNDA:0,seed
FNDA:0,(anonymous_2)
DA:1,1
DA:2,1
DA:5,0
DA:9,0
DA:11,0
DA:17,0
DA:18,0
DA:19,0
DA:22,0
DA:55,0
DA:56,0
DA:57,0
DA:58,0
DA:59,0
DA:60,0
DA:63,0
DA:65,0
DA:70,1
LF:18
LH:3
BRF:0
BRH:0
end_of_record
TN:
SF:src/models/Attack.js
FNF:0
FNH:0
DA:10,2
DA:14,2
DA:28,2
LF:3
LH:3
BRF:0
BRH:0
end_of_record
TN:
SF:src/models/Card.js
FNF:0
FNH:0
DA:9,2
DA:13,2
DA:27,2
LF:3
LH:3
BRF:0
BRH:0
end_of_record
TN:
SF:src/models/Deck.js
FNF:0
FNH:0
DA:9,2
DA:13,2
DA:25,2
LF:3
LH:3
BRF:0
BRH:0
end_of_record
TN:
SF:src/models/User.js
FNF:0
FNH:0
DA:9,1
DA:13,1
DA:24,1
LF:3
LH:3
BRF:0
BRH:0
end_of_record
TN:
SF:src/models/index.js
FNF:0
FNH:0
DA:1,1
DA:2,1
DA:3,1
DA:4,1
DA:11,1
DA:12,1
DA:16,1
DA:17,1
DA:21,1
DA:22,1
DA:25,1
LF:11
LH:11
BRF:0
BRH:0
end_of_record
